<?xml version="1.0" encoding="UTF-8"?>
<testng-results skipped="0" failed="0" ignored="0" total="2" passed="2">
  <reporter-output>
  </reporter-output>
  <suite name="Surefire suite" duration-ms="133" started-at="2023-06-20T22:23:31 PDT" finished-at="2023-06-20T22:23:31 PDT">
    <groups>
    </groups>
    <test name="Surefire test" duration-ms="133" started-at="2023-06-20T22:23:31 PDT" finished-at="2023-06-20T22:23:31 PDT">
      <class name="my.company.SimpleTest">
        <test-method status="PASS" signature="simpleTestOne()[pri:0, instance:my.company.SimpleTest@654d8173]" name="simpleTestOne" duration-ms="42" started-at="2023-06-20T22:23:31 PDT" finished-at="2023-06-20T22:23:31 PDT">
          <reporter-output>
          </reporter-output>
        </test-method> <!-- simpleTestOne -->
        <test-method status="PASS" signature="simpleTestTwo()[pri:0, instance:my.company.SimpleTest@654d8173]" name="simpleTestTwo" duration-ms="1" started-at="2023-06-20T22:23:31 PDT" finished-at="2023-06-20T22:23:31 PDT">
          <reporter-output>
          </reporter-output>
        </test-method> <!-- simpleTestTwo -->
      </class> <!-- my.company.SimpleTest -->
    </test> <!-- Surefire test -->
  </suite> <!-- Surefire suite -->
</testng-results>
