<?xml version="1.0" encoding="UTF-8"?>
<testsuite xmlns:xsi="http://www.w3.org/2001/XMLSchema-instance" xsi:noNamespaceSchemaLocation="https://maven.apache.org/surefire/maven-surefire-plugin/xsd/surefire-test-report.xsd" name="my.company.SimpleTest" time="0.734" tests="2" errors="0" skipped="0" failures="0">
  <properties>
[...]
</properties>
  <testcase name="simpleTestOne" classname="my.company.SimpleTest" time="0.058"/>
  <testcase name="simpleTestTwo" classname="my.company.SimpleTest" time="0.004"/>
</testsuite>